<?xml version="1.0" encoding="UTF-8"?>
<testsuite xmlns:xsi="http://www.w3.org/2001/XMLSchema-instance" xsi:noNamespaceSchemaLocation="https://maven.apache.org/surefire/maven-surefire-plugin/xsd/surefire-test-report.xsd" version="3.0.1" name="ca.yorku.cmg.lob.stockexchange.StockExchangeTest" time="0.058" tests="2" errors="0" skipped="1" failures="0">
  <properties>
[...]
</properties>
  <testcase name="pollingTest" classname="ca.yorku.cmg.lob.stockexchange.StockExchangeTest" time="0.038">
    <system-out><![CDATA[OBSERVED:[  1  GOOG   26513      23][  2  GOOG   26513     129][  3  GOOG   26513      29][  4  GOOG   26513     252][  5  GOOG   26513     412][  6  GOOG   26513     117][  7  GOOG   26513      77][  8  GOOG   26513     186][  1  META   78484      80][  2  META   78484      37][  3  META   78484     123][  4  META   74354     311][  5  META   74354     182][  6  META   78484     124][  7  META   78484      63][  8  META   74354     540][  1  MSFT   27468      53][  2  MSFT   27468      39][  3  MSFT   27468      89][  4  MSFT   26023      42][  5  MSFT   26023     200][  6  MSFT   27468      94][  7  MSFT   27468      98][  8  MSFT   26023     198][  1  AMZN   30360      94][  2  AMZN   30360      51][  3  AMZN   30360     167][  4  AMZN   30360     331][  5  AMZN   30360     426][  6  AMZN   30360      49][  7  AMZN   30360       4][  8  AMZN   30360     266][  1  TSLA   58520     176][  2  TSLA   58520      80][  3  TSLA   58520     127][  4  TSLA   58520     223][  5  TSLA   58520     431][  6  TSLA   58520      37][  7  TSLA   58520      59][  8  TSLA   58520     370][  1  AAPL   40188      32][  2  AAPL   40188     186][  3  AAPL   40188     113][  4  AAPL   40188     112][  5  AAPL   40188     165][  6  AAPL   40188       6][  7  AAPL   40188     105][  8  AAPL   40188     341][  1  GOOG   23988      23][  2  GOOG   23988     129][  3  GOOG   23988      29][  4  GOOG   22725     402][  5  GOOG   22725     658][  6  GOOG   23988     117][  7  GOOG   23988      77][  8  GOOG   22725     297][  1  AVGO   32761     154][  2  AVGO   32761      91][  3  AVGO   32761     123][  4  AVGO   32761      49][  5  AVGO   32761     105][  6  AVGO   32761     105][  7  AVGO   32761      77][  8  AVGO   32761      60][  1  META   78484      80][  2  META   78484      37][  3  META   78484     123][  4  META   74354     311][  5  META   74354     182][  6  META   78484     124][  7  META   78484      63][  8  META   74354     540][  1  NVDA   17144     143][  2  NVDA   17144     148][  3  NVDA   17144     196][  4  NVDA   16241      94][  5  NVDA   16241     738][  6  NVDA   17144     140][  7  NVDA   17144      34][  8  NVDA   16241     439][  1  AMZN   27468      94][  2  AMZN   27468      51][  3  AMZN   27468     167][  4  AMZN   26023     529][  5  AMZN   26023     682][  6  AMZN   27468      49][  7  AMZN   27468       4][  8  AMZN   26023     426][  1  MSFT   30360      53][  2  MSFT   30360      39][  3  MSFT   30360      89][  4  MSFT   30360      26][  5  MSFT   30360     125][  6  MSFT   30360      94][  7  MSFT   30360      98][  8  MSFT   30360     124]
EXPECTED:[  1  GOOG   26513      23][  2  GOOG   26513     129][  3  GOOG   26513      29][  4  GOOG   26513     252][  5  GOOG   26513     412][  6  GOOG   26513     117][  7  GOOG   26513      77][  8  GOOG   26513     186][  1  META   78484      80][  2  META   78484      37][  3  META   78484     123][  4  META   74354     311][  5  META   74354     182][  6  META   78484     124][  7  META   78484      63][  8  META   74354     540][  1  MSFT   27468      53][  2  MSFT   27468      39][  3  MSFT   27468      89][  4  MSFT   26023      42][  5  MSFT   26023     200][  6  MSFT   27468      94][  7  MSFT   27468      98][  8  MSFT   26023     198][  1  AMZN   30360      94][  2  AMZN   30360      51][  3  AMZN   30360     167][  4  AMZN   30360     331][  5  AMZN   30360     426][  6  AMZN   30360      49][  7  AMZN   30360       4][  8  AMZN   30360     266][  1  TSLA   58520     176][  2  TSLA   58520      80][  3  TSLA   58520     127][  4  TSLA   58520     223][  5  TSLA   58520     431][  6  TSLA   58520      37][  7  TSLA   58520      59][  8  TSLA   58520     370][  1  AAPL   40188      32][  2  AAPL   40188     186][  3  AAPL   40188     113][  4  AAPL   40188     112][  5  AAPL   40188     165][  6  AAPL   40188       6][  7  AAPL   40188     105][  8  AAPL   40188     341][  1  GOOG   23988      23][  2  GOOG   23988     129][  3  GOOG   23988      29][  4  GOOG   22725     402][  5  GOOG   22725     658][  6  GOOG   23988     117][  7  GOOG   23988      77][  8  GOOG   22725     297][  1  AVGO   32761     154][  2  AVGO   32761      91][  3  AVGO   32761     123][  4  AVGO   32761      49][  5  AVGO   32761     105][  6  AVGO   32761     105][  7  AVGO   32761      77][  8  AVGO   32761      60][  1  META   78484      80][  2  META   78484      37][  3  META   78484     123][  4  META   74354     311][  5  META   74354     182][  6  META   78484     124][  7  META   78484      63][  8  META   74354     540][  1  NVDA   17144     143][  2  NVDA   17144     148][  3  NVDA   17144     196][  4  NVDA   16241      94][  5  NVDA   16241     738][  6  NVDA   17144     140][  7  NVDA   17144      34][  8  NVDA   16241     439][  1  AMZN   27468      94][  2  AMZN   27468      51][  3  AMZN   27468     167][  4  AMZN   26023     529][  5  AMZN   26023     682][  6  AMZN   27468      49][  7  AMZN   27468       4][  8  AMZN   26023     426][  1  MSFT   30360      53][  2  MSFT   30360      39][  3  MSFT   30360      89][  4  MSFT   30360      26][  5  MSFT   30360     125][  6  MSFT   30360      94][  7  MSFT   30360      98][  8  MSFT   30360     124]
]]></system-out>
    <system-err><![CDATA[Invalid number format for value: price in line: code,description,price
Invalid event value: EventType in line: Time,Ticker,EventType
]]></system-err>
  </testcase>
  <testcase name="pushTest" classname="ca.yorku.cmg.lob.stockexchange.StockExchangeTest" time="0.0">
    <skipped message="void ca.yorku.cmg.lob.stockexchange.StockExchangeTest.pushTest() is @Disabled"/>
  </testcase>
</testsuite>